2026-04-03 18:27:59,455 - INFO - MultiModalGNN(
  (graph_branch): GAT_graph_branch(
    (skip_conn_projection1): Linear(in_features=5, out_features=128, bias=True)
    (conv1): GATv2Conv(5, 64, heads=2)
    (bn1): BatchNorm(128, eps=1e-05, momentum=0.1, affine=True, track_running_stats=True)
    (skip_conn_projection2): Linear(in_features=128, out_features=64, bias=True)
    (conv2): GATv2Conv(128, 64, heads=1)
    (bn2): BatchNorm(64, eps=1e-05, momentum=0.1, affine=True, track_running_stats=True)
  )
  (clinical_branch): MLP_clinical_branch(
    (mlp): Sequential(
      (0): Dropout(p=0.2, inplace=False)
      (1): Linear(in_features=53, out_features=64, bias=True)
      (2): LayerNorm((64,), eps=1e-05, elementwise_affine=True)
      (3): SiLU()
      (4): Dropout(p=0.5, inplace=False)
      (5): Linear(in_features=64, out_features=8, bias=True)
      (6): LayerNorm((8,), eps=1e-05, elementwise_affine=True)
      (7): SiLU()
      (8): Dropout(p=0.2, inplace=False)
    )
  )
  (gate): Sequential(
    (0): Linear(in_features=136, out_features=16, bias=True)
    (1): ReLU()
    (2): Linear(in_features=16, out_features=1, bias=True)
    (3): Sigmoid()
  )
  (classifier): Sequential(
    (0): Linear(in_features=136, out_features=2, bias=True)
  )
)

2026-04-03 18:28:56,170 - INFO - Epoch: 001, Train Loss: 0.6918, Val Loss: 0.6861, Train Acc: 0.5585, Val Acc: 0.4789, Test Acc: 0.5423
2026-04-03 18:28:56,177 - INFO - --- Found and saved a better model! ---

2026-04-03 18:29:44,760 - INFO - Epoch: 002, Train Loss: 0.6748, Val Loss: 0.6698, Train Acc: 0.7238, Val Acc: 0.6197, Test Acc: 0.6690
2026-04-03 18:29:44,766 - INFO - --- Found and saved a better model! ---

2026-04-03 18:30:33,109 - INFO - Epoch: 003, Train Loss: 0.6475, Val Loss: 0.6771, Train Acc: 0.6956, Val Acc: 0.5775, Test Acc: 0.6338
2026-04-03 18:31:21,594 - INFO - Epoch: 004, Train Loss: 0.6249, Val Loss: 0.6455, Train Acc: 0.7218, Val Acc: 0.6761, Test Acc: 0.6268
2026-04-03 18:31:21,600 - INFO - --- Found and saved a better model! ---

2026-04-03 18:32:10,348 - INFO - Epoch: 005, Train Loss: 0.6216, Val Loss: 0.6712, Train Acc: 0.7339, Val Acc: 0.6197, Test Acc: 0.6690
2026-04-03 18:32:59,270 - INFO - Epoch: 006, Train Loss: 0.6217, Val Loss: 0.6642, Train Acc: 0.7218, Val Acc: 0.5915, Test Acc: 0.6761
2026-04-03 18:33:48,193 - INFO - Epoch: 007, Train Loss: 0.5988, Val Loss: 0.6313, Train Acc: 0.7661, Val Acc: 0.7042, Test Acc: 0.6620
2026-04-03 18:33:48,200 - INFO - --- Found and saved a better model! ---

2026-04-03 18:34:36,559 - INFO - Epoch: 008, Train Loss: 0.6147, Val Loss: 0.6458, Train Acc: 0.7641, Val Acc: 0.6479, Test Acc: 0.6690
2026-04-03 18:35:24,805 - INFO - Epoch: 009, Train Loss: 0.5988, Val Loss: 0.6339, Train Acc: 0.7762, Val Acc: 0.6761, Test Acc: 0.6690
2026-04-03 18:36:13,019 - INFO - Epoch: 010, Train Loss: 0.5800, Val Loss: 0.6601, Train Acc: 0.7359, Val Acc: 0.6338, Test Acc: 0.6690
2026-04-03 18:37:01,146 - INFO - Epoch: 011, Train Loss: 0.5988, Val Loss: 0.6157, Train Acc: 0.7722, Val Acc: 0.7042, Test Acc: 0.6690
2026-04-03 18:37:01,155 - INFO - --- Found and saved a better model! ---

2026-04-03 18:37:49,350 - INFO - Epoch: 012, Train Loss: 0.5954, Val Loss: 0.6083, Train Acc: 0.7944, Val Acc: 0.7465, Test Acc: 0.6620
2026-04-03 18:37:49,356 - INFO - --- Found and saved a better model! ---

2026-04-03 18:38:37,579 - INFO - Epoch: 013, Train Loss: 0.5695, Val Loss: 0.6176, Train Acc: 0.7802, Val Acc: 0.7183, Test Acc: 0.6831
2026-04-03 18:39:25,780 - INFO - Epoch: 014, Train Loss: 0.5761, Val Loss: 0.6124, Train Acc: 0.7903, Val Acc: 0.7042, Test Acc: 0.6761
2026-04-03 18:40:13,981 - INFO - Epoch: 015, Train Loss: 0.5756, Val Loss: 0.6056, Train Acc: 0.8024, Val Acc: 0.7183, Test Acc: 0.6761
2026-04-03 18:40:13,988 - INFO - --- Found and saved a better model! ---

2026-04-03 18:41:02,300 - INFO - Epoch: 016, Train Loss: 0.5649, Val Loss: 0.5742, Train Acc: 0.8065, Val Acc: 0.7606, Test Acc: 0.6972
2026-04-03 18:41:02,307 - INFO - --- Found and saved a better model! ---

2026-04-03 18:41:50,611 - INFO - Epoch: 017, Train Loss: 0.5366, Val Loss: 0.5784, Train Acc: 0.8024, Val Acc: 0.7465, Test Acc: 0.6901
2026-04-03 18:42:38,915 - INFO - Epoch: 018, Train Loss: 0.5363, Val Loss: 0.5074, Train Acc: 0.8609, Val Acc: 0.8310, Test Acc: 0.7958
2026-04-03 18:42:38,922 - INFO - --- Found and saved a better model! ---

2026-04-03 18:43:27,201 - INFO - Epoch: 019, Train Loss: 0.5006, Val Loss: 0.5830, Train Acc: 0.8065, Val Acc: 0.7606, Test Acc: 0.7394
2026-04-03 18:44:15,738 - INFO - Epoch: 020, Train Loss: 0.4679, Val Loss: 0.4599, Train Acc: 0.8770, Val Acc: 0.8310, Test Acc: 0.8169
2026-04-03 18:44:15,744 - INFO - --- Found and saved a better model! ---

2026-04-03 18:45:04,303 - INFO - Epoch: 021, Train Loss: 0.4542, Val Loss: 0.4488, Train Acc: 0.8831, Val Acc: 0.8592, Test Acc: 0.8099
2026-04-03 18:45:04,310 - INFO - --- Found and saved a better model! ---

2026-04-03 18:45:54,196 - INFO - Epoch: 022, Train Loss: 0.4528, Val Loss: 0.4583, Train Acc: 0.8972, Val Acc: 0.8451, Test Acc: 0.8732
2026-04-03 18:46:42,497 - INFO - Epoch: 023, Train Loss: 0.4312, Val Loss: 0.4237, Train Acc: 0.9073, Val Acc: 0.8873, Test Acc: 0.8662
2026-04-03 18:46:42,504 - INFO - --- Found and saved a better model! ---

2026-04-03 18:47:30,821 - INFO - Epoch: 024, Train Loss: 0.4266, Val Loss: 0.4387, Train Acc: 0.9113, Val Acc: 0.8451, Test Acc: 0.8803
2026-04-03 18:48:19,098 - INFO - Epoch: 025, Train Loss: 0.4274, Val Loss: 0.4169, Train Acc: 0.8911, Val Acc: 0.9155, Test Acc: 0.9085
2026-04-03 18:48:19,105 - INFO - --- Found and saved a better model! ---

2026-04-03 18:49:07,338 - INFO - Epoch: 026, Train Loss: 0.4024, Val Loss: 0.3899, Train Acc: 0.9173, Val Acc: 0.9296, Test Acc: 0.8873
2026-04-03 18:49:07,345 - INFO - --- Found and saved a better model! ---

2026-04-03 18:49:55,565 - INFO - Epoch: 027, Train Loss: 0.3911, Val Loss: 0.3940, Train Acc: 0.9355, Val Acc: 0.9155, Test Acc: 0.8803
2026-04-03 18:50:43,794 - INFO - Epoch: 028, Train Loss: 0.3823, Val Loss: 0.4212, Train Acc: 0.9093, Val Acc: 0.8451, Test Acc: 0.8521
2026-04-03 18:51:32,049 - INFO - Epoch: 029, Train Loss: 0.3852, Val Loss: 0.4115, Train Acc: 0.9194, Val Acc: 0.8592, Test Acc: 0.8662
2026-04-03 18:52:20,236 - INFO - Epoch: 030, Train Loss: 0.3647, Val Loss: 0.3768, Train Acc: 0.9093, Val Acc: 0.9296, Test Acc: 0.8873
2026-04-03 18:52:20,242 - INFO - --- Found and saved a better model! ---

2026-04-03 18:53:12,294 - INFO - Epoch: 031, Train Loss: 0.3653, Val Loss: 0.3981, Train Acc: 0.9234, Val Acc: 0.8451, Test Acc: 0.8873
2026-04-03 18:54:08,119 - INFO - Epoch: 032, Train Loss: 0.3626, Val Loss: 0.3717, Train Acc: 0.9395, Val Acc: 0.9296, Test Acc: 0.8803
2026-04-03 18:54:08,126 - INFO - --- Found and saved a better model! ---

2026-04-03 18:54:57,717 - INFO - Epoch: 033, Train Loss: 0.3506, Val Loss: 0.3713, Train Acc: 0.9415, Val Acc: 0.8732, Test Acc: 0.8803
2026-04-03 18:54:57,723 - INFO - --- Found and saved a better model! ---

(base) [cbelluti@ailb-login-02 project_folder]$ tail -f analysis.err
2026-04-03 18:54:57,717 - INFO - Epoch: 033, Train Loss: 0.3506, Val Loss: 0.3713, Train Acc: 0.9415, Val Acc: 0.8732, Test Acc: 0.8803
2026-04-03 18:54:57,723 - INFO - --- Found and saved a better model! ---

2026-04-03 18:55:45,896 - INFO - Epoch: 034, Train Loss: 0.3468, Val Loss: 0.3742, Train Acc: 0.9335, Val Acc: 0.8592, Test Acc: 0.8662
2026-04-03 18:56:34,069 - INFO - Epoch: 035, Train Loss: 0.3392, Val Loss: 0.3625, Train Acc: 0.9456, Val Acc: 0.9155, Test Acc: 0.8944
2026-04-03 18:56:34,076 - INFO - --- Found and saved a better model! ---

2026-04-03 18:57:22,455 - INFO - Epoch: 036, Train Loss: 0.3408, Val Loss: 0.3428, Train Acc: 0.9476, Val Acc: 0.9437, Test Acc: 0.8873
2026-04-03 18:57:22,462 - INFO - --- Found and saved a better model! ---

^C
(base) [cbelluti@ailb-login-02 project_folder]$ tail -f analysis.err
2026-04-03 18:56:34,069 - INFO - Epoch: 035, Train Loss: 0.3392, Val Loss: 0.3625, Train Acc: 0.9456, Val Acc: 0.9155, Test Acc: 0.8944
2026-04-03 18:56:34,076 - INFO - --- Found and saved a better model! ---

2026-04-03 18:57:22,455 - INFO - Epoch: 036, Train Loss: 0.3408, Val Loss: 0.3428, Train Acc: 0.9476, Val Acc: 0.9437, Test Acc: 0.8873
2026-04-03 18:57:22,462 - INFO - --- Found and saved a better model! ---

2026-04-03 18:58:10,738 - INFO - Epoch: 037, Train Loss: 0.3425, Val Loss: 0.3435, Train Acc: 0.9536, Val Acc: 0.9437, Test Acc: 0.8873
2026-04-03 18:58:59,305 - INFO - Epoch: 038, Train Loss: 0.3407, Val Loss: 0.3613, Train Acc: 0.9274, Val Acc: 0.9155, Test Acc: 0.8944
2026-04-03 18:59:47,883 - INFO - Epoch: 039, Train Loss: 0.3307, Val Loss: 0.3440, Train Acc: 0.9496, Val Acc: 0.9437, Test Acc: 0.8944
2026-04-03 19:00:36,392 - INFO - Epoch: 040, Train Loss: 0.3300, Val Loss: 0.3658, Train Acc: 0.9355, Val Acc: 0.8732, Test Acc: 0.9085
2026-04-03 19:01:24,619 - INFO - Epoch: 041, Train Loss: 0.3306, Val Loss: 0.3878, Train Acc: 0.9415, Val Acc: 0.8873, Test Acc: 0.8873
2026-04-03 19:02:12,817 - INFO - Epoch: 042, Train Loss: 0.3300, Val Loss: 0.3284, Train Acc: 0.9637, Val Acc: 0.9577, Test Acc: 0.8873
2026-04-03 19:02:12,824 - INFO - --- Found and saved a better model! ---

2026-04-03 19:03:00,997 - INFO - Epoch: 043, Train Loss: 0.3208, Val Loss: 0.3433, Train Acc: 0.9415, Val Acc: 0.9437, Test Acc: 0.9155
2026-04-03 19:03:49,231 - INFO - Epoch: 044, Train Loss: 0.3230, Val Loss: 0.3312, Train Acc: 0.9597, Val Acc: 0.9577, Test Acc: 0.8944
2026-04-03 19:04:37,360 - INFO - Epoch: 045, Train Loss: 0.3106, Val Loss: 0.3435, Train Acc: 0.9637, Val Acc: 0.9155, Test Acc: 0.9085
2026-04-03 19:05:25,488 - INFO - Epoch: 046, Train Loss: 0.3197, Val Loss: 0.3509, Train Acc: 0.9415, Val Acc: 0.9437, Test Acc: 0.9155
2026-04-03 19:06:13,628 - INFO - Epoch: 047, Train Loss: 0.3054, Val Loss: 0.3385, Train Acc: 0.9637, Val Acc: 0.9437, Test Acc: 0.9085
2026-04-03 19:07:01,761 - INFO - Epoch: 048, Train Loss: 0.3049, Val Loss: 0.3471, Train Acc: 0.9274, Val Acc: 0.9014, Test Acc: 0.9155
2026-04-03 19:07:49,888 - INFO - Epoch: 049, Train Loss: 0.2949, Val Loss: 0.3473, Train Acc: 0.9597, Val Acc: 0.9155, Test Acc: 0.8873
2026-04-03 19:08:38,019 - INFO - Epoch: 050, Train Loss: 0.2998, Val Loss: 0.3290, Train Acc: 0.9496, Val Acc: 0.9437, Test Acc: 0.9085
2026-04-03 19:09:26,171 - INFO - Epoch: 051, Train Loss: 0.3240, Val Loss: 0.3886, Train Acc: 0.9516, Val Acc: 0.8592, Test Acc: 0.8944
2026-04-03 19:10:14,321 - INFO - Epoch: 052, Train Loss: 0.3126, Val Loss: 0.3182, Train Acc: 0.9516, Val Acc: 0.9296, Test Acc: 0.9014
2026-04-03 19:10:14,327 - INFO - --- Found and saved a better model! ---

2026-04-03 19:11:02,463 - INFO - Epoch: 053, Train Loss: 0.2993, Val Loss: 0.3142, Train Acc: 0.9294, Val Acc: 0.9577, Test Acc: 0.9225
2026-04-03 19:11:02,469 - INFO - --- Found and saved a better model! ---

2026-04-03 19:11:50,448 - INFO - Epoch: 054, Train Loss: 0.2981, Val Loss: 0.3424, Train Acc: 0.9617, Val Acc: 0.9155, Test Acc: 0.9155
2026-04-03 19:12:38,508 - INFO - Epoch: 055, Train Loss: 0.3015, Val Loss: 0.3290, Train Acc: 0.9698, Val Acc: 0.9014, Test Acc: 0.9155
2026-04-03 19:13:26,658 - INFO - Epoch: 056, Train Loss: 0.2810, Val Loss: 0.3148, Train Acc: 0.9657, Val Acc: 0.9718, Test Acc: 0.9014
2026-04-03 19:14:14,808 - INFO - Epoch: 057, Train Loss: 0.2844, Val Loss: 0.3269, Train Acc: 0.9677, Val Acc: 0.9296, Test Acc: 0.9296
2026-04-03 19:15:02,926 - INFO - Epoch: 058, Train Loss: 0.2926, Val Loss: 0.3241, Train Acc: 0.9718, Val Acc: 0.9437, Test Acc: 0.9085
2026-04-03 19:15:51,071 - INFO - Epoch: 059, Train Loss: 0.3007, Val Loss: 0.3141, Train Acc: 0.9778, Val Acc: 0.9437, Test Acc: 0.9085
2026-04-03 19:15:51,077 - INFO - --- Found and saved a better model! ---

2026-04-03 19:16:39,190 - INFO - Epoch: 060, Train Loss: 0.2873, Val Loss: 0.2976, Train Acc: 0.9758, Val Acc: 0.9718, Test Acc: 0.8873
2026-04-03 19:16:39,197 - INFO - --- Found and saved a better model! ---

2026-04-03 19:17:27,317 - INFO - Epoch: 061, Train Loss: 0.2883, Val Loss: 0.3407, Train Acc: 0.9677, Val Acc: 0.8873, Test Acc: 0.9014
2026-04-03 19:18:15,448 - INFO - Epoch: 062, Train Loss: 0.2783, Val Loss: 0.3075, Train Acc: 0.9778, Val Acc: 0.9577, Test Acc: 0.9085
2026-04-03 19:19:03,605 - INFO - Epoch: 063, Train Loss: 0.2698, Val Loss: 0.2976, Train Acc: 0.9839, Val Acc: 0.9718, Test Acc: 0.8873
2026-04-03 19:19:51,747 - INFO - Epoch: 064, Train Loss: 0.2655, Val Loss: 0.2901, Train Acc: 0.9859, Val Acc: 0.9718, Test Acc: 0.9085
2026-04-03 19:19:51,754 - INFO - --- Found and saved a better model! ---

2026-04-03 19:20:39,943 - INFO - Epoch: 065, Train Loss: 0.2632, Val Loss: 0.3305, Train Acc: 0.9698, Val Acc: 0.9296, Test Acc: 0.9014
2026-04-03 19:21:28,053 - INFO - Epoch: 066, Train Loss: 0.2826, Val Loss: 0.3091, Train Acc: 0.9859, Val Acc: 0.9437, Test Acc: 0.8873
2026-04-03 19:22:16,189 - INFO - Epoch: 067, Train Loss: 0.2634, Val Loss: 0.2907, Train Acc: 0.9859, Val Acc: 0.9437, Test Acc: 0.9014
2026-04-03 19:23:04,313 - INFO - Epoch: 068, Train Loss: 0.2595, Val Loss: 0.2809, Train Acc: 0.9798, Val Acc: 0.9296, Test Acc: 0.8873
2026-04-03 19:23:04,319 - INFO - --- Found and saved a better model! ---

2026-04-03 19:23:52,437 - INFO - Epoch: 069, Train Loss: 0.2611, Val Loss: 0.3288, Train Acc: 0.9758, Val Acc: 0.9155, Test Acc: 0.9014
2026-04-03 19:24:40,625 - INFO - Epoch: 070, Train Loss: 0.2690, Val Loss: 0.3043, Train Acc: 0.9879, Val Acc: 0.9437, Test Acc: 0.9014
2026-04-03 19:25:28,828 - INFO - Epoch: 071, Train Loss: 0.2682, Val Loss: 0.3497, Train Acc: 0.9798, Val Acc: 0.9155, Test Acc: 0.8662
2026-04-03 19:26:16,868 - INFO - Epoch: 072, Train Loss: 0.2666, Val Loss: 0.3108, Train Acc: 0.9899, Val Acc: 0.9296, Test Acc: 0.8944
2026-04-03 19:27:04,973 - INFO - Epoch: 073, Train Loss: 0.2567, Val Loss: 0.3345, Train Acc: 0.9819, Val Acc: 0.9155, Test Acc: 0.8944
2026-04-03 19:27:53,172 - INFO - Epoch: 074, Train Loss: 0.2527, Val Loss: 0.3312, Train Acc: 0.9839, Val Acc: 0.9296, Test Acc: 0.9155
2026-04-03 19:28:41,310 - INFO - Epoch: 075, Train Loss: 0.2615, Val Loss: 0.4591, Train Acc: 0.9294, Val Acc: 0.8169, Test Acc: 0.9014
2026-04-03 19:29:29,455 - INFO - Epoch: 076, Train Loss: 0.2664, Val Loss: 0.3103, Train Acc: 0.9839, Val Acc: 0.9437, Test Acc: 0.9085
2026-04-03 19:30:17,527 - INFO - Epoch: 077, Train Loss: 0.2554, Val Loss: 0.3206, Train Acc: 0.9819, Val Acc: 0.9155, Test Acc: 0.9225
